time="2024-02-17T21:12:21+03:00" level=info msg="create router" func="main.main()" file="$s:%!d(string=main.go)%!(EXTRA int=13)"
time="2024-02-17T21:12:21+03:00" level=info msg="get config" func="main.main()" file="$s:%!d(string=main.go)%!(EXTRA int=16)"
time="2024-02-17T21:12:21+03:00" level=info msg="read application configuration" func="backend2/internal/config.GetConfig.func1()" file="$s:%!d(string=config.go)%!(EXTRA int=33)"
time="2024-02-17T21:12:21+03:00" level=info msg="create server" func="main.main()" file="$s:%!d(string=main.go)%!(EXTRA int=19)"
time="2024-02-17T21:12:21+03:00" level=info msg="start server" func="main.main()" file="$s:%!d(string=main.go)%!(EXTRA int=22)"
time="2024-02-17T21:12:21+03:00" level=info msg="start application" func="backend2/cmd/server.(*Server).Start()" file="$s:%!d(string=server.go)%!(EXTRA int=30)"
time="2024-02-17T21:12:21+03:00" level=info msg="listen tcp " func="backend2/cmd/server.(*Server).Start()" file="$s:%!d(string=server.go)%!(EXTRA int=48)"
time="2024-02-17T21:12:21+03:00" level=info msg="server is listening port 127.0.0.1:8000" func="backend2/cmd/server.(*Server).Start()" file="$s:%!d(string=server.go)%!(EXTRA int=50)"
time="2024-02-17T22:06:48+03:00" level=info msg="create router" func="main.main()" file="$s:%!d(string=main.go)%!(EXTRA int=15)"
time="2024-02-17T22:06:48+03:00" level=info msg="get config" func="main.main()" file="$s:%!d(string=main.go)%!(EXTRA int=18)"
time="2024-02-17T22:06:48+03:00" level=info msg="read application configuration" func="backend2/internal/config.GetConfig.func1()" file="$s:%!d(string=config.go)%!(EXTRA int=33)"
time="2024-02-17T22:06:48+03:00" level=info msg="create server" func="main.main()" file="$s:%!d(string=main.go)%!(EXTRA int=21)"
time="2024-02-17T22:06:48+03:00" level=info msg="start server" func="main.main()" file="$s:%!d(string=main.go)%!(EXTRA int=24)"
time="2024-02-17T22:06:48+03:00" level=info msg="start application" func="backend2/cmd/server.(*Server).Start()" file="$s:%!d(string=server.go)%!(EXTRA int=30)"
time="2024-02-17T22:06:48+03:00" level=info msg="listen tcp " func="backend2/cmd/server.(*Server).Start()" file="$s:%!d(string=server.go)%!(EXTRA int=48)"
time="2024-02-17T22:06:48+03:00" level=info msg="server is listening port 127.0.0.1:8000" func="backend2/cmd/server.(*Server).Start()" file="$s:%!d(string=server.go)%!(EXTRA int=50)"
time="2024-02-17T22:40:24+03:00" level=info msg="create router" func="main.main()" file="$s:%!d(string=main.go)%!(EXTRA int=15)"
time="2024-02-17T22:40:24+03:00" level=info msg="get config" func="main.main()" file="$s:%!d(string=main.go)%!(EXTRA int=18)"
time="2024-02-17T22:40:24+03:00" level=info msg="read application configuration" func="backend2/internal/config.GetConfig.func1()" file="$s:%!d(string=config.go)%!(EXTRA int=33)"
time="2024-02-17T22:40:24+03:00" level=info msg="create server" func="main.main()" file="$s:%!d(string=main.go)%!(EXTRA int=21)"
time="2024-02-17T22:40:24+03:00" level=info msg="start server" func="main.main()" file="$s:%!d(string=main.go)%!(EXTRA int=24)"
time="2024-02-17T22:40:24+03:00" level=info msg="connect ot database" func="main.main()" file="$s:%!d(string=main.go)%!(EXTRA int=27)"
time="2024-02-17T22:40:24+03:00" level=info msg="start application" func="backend2/cmd/server.(*Server).Start()" file="$s:%!d(string=server.go)%!(EXTRA int=30)"
time="2024-02-17T22:40:24+03:00" level=info msg="listen tcp" func="backend2/cmd/server.(*Server).Start()" file="$s:%!d(string=server.go)%!(EXTRA int=48)"
time="2024-02-17T22:40:24+03:00" level=info msg="connection to postgres is established" func="main.main()" file="$s:%!d(string=main.go)%!(EXTRA int=32)"
time="2024-02-17T22:41:31+03:00" level=info msg="create router" func="main.main()" file="$s:%!d(string=main.go)%!(EXTRA int=15)"
time="2024-02-17T22:41:31+03:00" level=info msg="get config" func="main.main()" file="$s:%!d(string=main.go)%!(EXTRA int=18)"
time="2024-02-17T22:41:31+03:00" level=info msg="read application configuration" func="backend2/internal/config.GetConfig.func1()" file="$s:%!d(string=config.go)%!(EXTRA int=33)"
time="2024-02-17T22:41:31+03:00" level=info msg="create server" func="main.main()" file="$s:%!d(string=main.go)%!(EXTRA int=21)"
time="2024-02-17T22:41:31+03:00" level=info msg="start server" func="main.main()" file="$s:%!d(string=main.go)%!(EXTRA int=24)"
time="2024-02-17T22:41:31+03:00" level=info msg="start application" func="backend2/cmd/server.(*Server).Start()" file="$s:%!d(string=server.go)%!(EXTRA int=30)"
time="2024-02-17T22:41:31+03:00" level=info msg="listen tcp" func="backend2/cmd/server.(*Server).Start()" file="$s:%!d(string=server.go)%!(EXTRA int=48)"
time="2024-02-17T22:41:31+03:00" level=info msg="server is listening port 127.0.0.1:8000" func="backend2/cmd/server.(*Server).Start()" file="$s:%!d(string=server.go)%!(EXTRA int=50)"
time="2024-02-17T22:44:35+03:00" level=info msg="create router" func="main.main()" file="$s:%!d(string=main.go)%!(EXTRA int=15)"
time="2024-02-17T22:44:35+03:00" level=info msg="get config" func="main.main()" file="$s:%!d(string=main.go)%!(EXTRA int=18)"
time="2024-02-17T22:44:35+03:00" level=info msg="read application configuration" func="backend2/internal/config.GetConfig.func1()" file="$s:%!d(string=config.go)%!(EXTRA int=33)"
time="2024-02-17T22:44:35+03:00" level=info msg="create server" func="main.main()" file="$s:%!d(string=main.go)%!(EXTRA int=21)"
time="2024-02-17T22:44:35+03:00" level=info msg="start server" func="main.main()" file="$s:%!d(string=main.go)%!(EXTRA int=24)"
time="2024-02-17T22:44:35+03:00" level=info msg="start application" func="backend2/cmd/server.(*Server).Start()" file="$s:%!d(string=server.go)%!(EXTRA int=30)"
time="2024-02-17T22:44:35+03:00" level=info msg="listen tcp" func="backend2/cmd/server.(*Server).Start()" file="$s:%!d(string=server.go)%!(EXTRA int=48)"
time="2024-02-17T22:44:35+03:00" level=info msg="server is listening port 127.0.0.1:8000" func="backend2/cmd/server.(*Server).Start()" file="$s:%!d(string=server.go)%!(EXTRA int=50)"
